/Users/chuck/Library/Python/3.9/lib/python/site-packages/urllib3/__init__.py:35: NotOpenSSLWarning: urllib3 v2 only supports OpenSSL 1.1.1+, currently the 'ssl' module is compiled with 'LibreSSL 2.8.3'. See: https://github.com/urllib3/urllib3/issues/3020
  warnings.warn(
127.0.0.1 - - [28/Mar/2026 22:28:23] "GET /ratio.html HTTP/1.1" 200 -
127.0.0.1 - - [28/Mar/2026 22:28:35] "GET /api/ratio?t1=XLE&t2=SPY&tf=5Y&sma=50 HTTP/1.1" 200 -
127.0.0.1 - - [28/Mar/2026 22:29:46] "GET /ratio.html HTTP/1.1" 200 -
127.0.0.1 - - [28/Mar/2026 22:29:46] "GET /api/ratio?t1=XLE&t2=SPY&tf=1Y&sma=200 HTTP/1.1" 200 -
127.0.0.1 - - [28/Mar/2026 22:30:44] "GET /api/ratio?t1=XLE&t2=SPY&tf=5Y&sma=200 HTTP/1.1" 200 -
127.0.0.1 - - [28/Mar/2026 22:30:50] "GET /api/ratio?t1=XLE&t2=SPY&tf=3M&sma=200 HTTP/1.1" 200 -
127.0.0.1 - - [28/Mar/2026 22:30:54] "GET /api/ratio?t1=XLE&t2=SPY&tf=1M&sma=200 HTTP/1.1" 200 -
127.0.0.1 - - [28/Mar/2026 22:30:57] "GET /api/ratio?t1=XLE&t2=SPY&tf=6M&sma=200 HTTP/1.1" 200 -
----------------------------------------
Exception occurred during processing of request from ('127.0.0.1', 61218)
Traceback (most recent call last):
  File "/Users/chuck/Library/Python/3.9/lib/python/site-packages/pandas/core/arrays/datetimelike.py", line 559, in _validate_comparison_value
    self._check_compatible_with(other)
  File "/Users/chuck/Library/Python/3.9/lib/python/site-packages/pandas/core/arrays/datetimes.py", line 542, in _check_compatible_with
    self._assert_tzawareness_compat(other)
  File "/Users/chuck/Library/Python/3.9/lib/python/site-packages/pandas/core/arrays/datetimes.py", line 788, in _assert_tzawareness_compat
    raise TypeError(
TypeError: Cannot compare tz-naive and tz-aware datetime-like objects

The above exception was the direct cause of the following exception:

Traceback (most recent call last):
  File "/Users/chuck/Library/Python/3.9/lib/python/site-packages/pandas/core/arrays/datetimelike.py", line 1006, in _cmp_method
    other = self._validate_comparison_value(other)
  File "/Users/chuck/Library/Python/3.9/lib/python/site-packages/pandas/core/arrays/datetimelike.py", line 562, in _validate_comparison_value
    raise InvalidComparison(other) from err
pandas.errors.InvalidComparison: 2026-01-01 00:00:00

During handling of the above exception, another exception occurred:

Traceback (most recent call last):
  File "/Library/Developer/CommandLineTools/Library/Frameworks/Python3.framework/Versions/3.9/lib/python3.9/socketserver.py", line 316, in _handle_request_noblock
    self.process_request(request, client_address)
  File "/Library/Developer/CommandLineTools/Library/Frameworks/Python3.framework/Versions/3.9/lib/python3.9/socketserver.py", line 347, in process_request
    self.finish_request(request, client_address)
  File "/Library/Developer/CommandLineTools/Library/Frameworks/Python3.framework/Versions/3.9/lib/python3.9/socketserver.py", line 360, in finish_request
    self.RequestHandlerClass(request, client_address, self)
  File "/Library/Developer/CommandLineTools/Library/Frameworks/Python3.framework/Versions/3.9/lib/python3.9/http/server.py", line 660, in __init__
    super().__init__(*args, **kwargs)
  File "/Library/Developer/CommandLineTools/Library/Frameworks/Python3.framework/Versions/3.9/lib/python3.9/socketserver.py", line 747, in __init__
    self.handle()
  File "/Library/Developer/CommandLineTools/Library/Frameworks/Python3.framework/Versions/3.9/lib/python3.9/http/server.py", line 434, in handle
    self.handle_one_request()
  File "/Library/Developer/CommandLineTools/Library/Frameworks/Python3.framework/Versions/3.9/lib/python3.9/http/server.py", line 422, in handle_one_request
    method()
  File "/Users/chuck/.openclaw/workspace/Project_Sequoia/terminal/server.py", line 56, in do_GET
    return self.send_json(self.get_ratio_data(t1, t2, tf, sma_p))
  File "/Users/chuck/.openclaw/workspace/Project_Sequoia/terminal/server.py", line 125, in get_ratio_data
    display_df = df[df.index >= start_date]
  File "/Users/chuck/Library/Python/3.9/lib/python/site-packages/pandas/core/ops/common.py", line 76, in new_method
    return method(self, other)
  File "/Users/chuck/Library/Python/3.9/lib/python/site-packages/pandas/core/arraylike.py", line 60, in __ge__
    return self._cmp_method(other, operator.ge)
  File "/Users/chuck/Library/Python/3.9/lib/python/site-packages/pandas/core/indexes/base.py", line 7263, in _cmp_method
    result = op(self._values, other)
  File "/Users/chuck/Library/Python/3.9/lib/python/site-packages/pandas/core/ops/common.py", line 76, in new_method
    return method(self, other)
  File "/Users/chuck/Library/Python/3.9/lib/python/site-packages/pandas/core/arraylike.py", line 60, in __ge__
    return self._cmp_method(other, operator.ge)
  File "/Users/chuck/Library/Python/3.9/lib/python/site-packages/pandas/core/arrays/datetimelike.py", line 1008, in _cmp_method
    return invalid_comparison(self, other, op)
  File "/Users/chuck/Library/Python/3.9/lib/python/site-packages/pandas/core/ops/invalid.py", line 40, in invalid_comparison
    raise TypeError(f"Invalid comparison between dtype={left.dtype} and {typ}")
TypeError: Invalid comparison between dtype=datetime64[ns, America/New_York] and Timestamp
----------------------------------------
----------------------------------------
Exception occurred during processing of request from ('127.0.0.1', 61220)
Traceback (most recent call last):
  File "/Users/chuck/Library/Python/3.9/lib/python/site-packages/pandas/core/arrays/datetimelike.py", line 559, in _validate_comparison_value
    self._check_compatible_with(other)
  File "/Users/chuck/Library/Python/3.9/lib/python/site-packages/pandas/core/arrays/datetimes.py", line 542, in _check_compatible_with
    self._assert_tzawareness_compat(other)
  File "/Users/chuck/Library/Python/3.9/lib/python/site-packages/pandas/core/arrays/datetimes.py", line 788, in _assert_tzawareness_compat
    raise TypeError(
TypeError: Cannot compare tz-naive and tz-aware datetime-like objects

The above exception was the direct cause of the following exception:

Traceback (most recent call last):
  File "/Users/chuck/Library/Python/3.9/lib/python/site-packages/pandas/core/arrays/datetimelike.py", line 1006, in _cmp_method
    other = self._validate_comparison_value(other)
  File "/Users/chuck/Library/Python/3.9/lib/python/site-packages/pandas/core/arrays/datetimelike.py", line 562, in _validate_comparison_value
    raise InvalidComparison(other) from err
pandas.errors.InvalidComparison: 2026-01-01 00:00:00

During handling of the above exception, another exception occurred:

Traceback (most recent call last):
  File "/Library/Developer/CommandLineTools/Library/Frameworks/Python3.framework/Versions/3.9/lib/python3.9/socketserver.py", line 316, in _handle_request_noblock
    self.process_request(request, client_address)
  File "/Library/Developer/CommandLineTools/Library/Frameworks/Python3.framework/Versions/3.9/lib/python3.9/socketserver.py", line 347, in process_request
    self.finish_request(request, client_address)
  File "/Library/Developer/CommandLineTools/Library/Frameworks/Python3.framework/Versions/3.9/lib/python3.9/socketserver.py", line 360, in finish_request
    self.RequestHandlerClass(request, client_address, self)
  File "/Library/Developer/CommandLineTools/Library/Frameworks/Python3.framework/Versions/3.9/lib/python3.9/http/server.py", line 660, in __init__
    super().__init__(*args, **kwargs)
  File "/Library/Developer/CommandLineTools/Library/Frameworks/Python3.framework/Versions/3.9/lib/python3.9/socketserver.py", line 747, in __init__
    self.handle()
  File "/Library/Developer/CommandLineTools/Library/Frameworks/Python3.framework/Versions/3.9/lib/python3.9/http/server.py", line 434, in handle
    self.handle_one_request()
  File "/Library/Developer/CommandLineTools/Library/Frameworks/Python3.framework/Versions/3.9/lib/python3.9/http/server.py", line 422, in handle_one_request
    method()
  File "/Users/chuck/.openclaw/workspace/Project_Sequoia/terminal/server.py", line 56, in do_GET
    return self.send_json(self.get_ratio_data(t1, t2, tf, sma_p))
  File "/Users/chuck/.openclaw/workspace/Project_Sequoia/terminal/server.py", line 125, in get_ratio_data
    display_df = df[df.index >= start_date]
  File "/Users/chuck/Library/Python/3.9/lib/python/site-packages/pandas/core/ops/common.py", line 76, in new_method
    return method(self, other)
  File "/Users/chuck/Library/Python/3.9/lib/python/site-packages/pandas/core/arraylike.py", line 60, in __ge__
    return self._cmp_method(other, operator.ge)
  File "/Users/chuck/Library/Python/3.9/lib/python/site-packages/pandas/core/indexes/base.py", line 7263, in _cmp_method
    result = op(self._values, other)
  File "/Users/chuck/Library/Python/3.9/lib/python/site-packages/pandas/core/ops/common.py", line 76, in new_method
    return method(self, other)
  File "/Users/chuck/Library/Python/3.9/lib/python/site-packages/pandas/core/arraylike.py", line 60, in __ge__
    return self._cmp_method(other, operator.ge)
  File "/Users/chuck/Library/Python/3.9/lib/python/site-packages/pandas/core/arrays/datetimelike.py", line 1008, in _cmp_method
    return invalid_comparison(self, other, op)
  File "/Users/chuck/Library/Python/3.9/lib/python/site-packages/pandas/core/ops/invalid.py", line 40, in invalid_comparison
    raise TypeError(f"Invalid comparison between dtype={left.dtype} and {typ}")
TypeError: Invalid comparison between dtype=datetime64[ns, America/New_York] and Timestamp
----------------------------------------
----------------------------------------
Exception occurred during processing of request from ('127.0.0.1', 61222)
Traceback (most recent call last):
  File "/Users/chuck/Library/Python/3.9/lib/python/site-packages/pandas/core/arrays/datetimelike.py", line 559, in _validate_comparison_value
    self._check_compatible_with(other)
  File "/Users/chuck/Library/Python/3.9/lib/python/site-packages/pandas/core/arrays/datetimes.py", line 542, in _check_compatible_with
    self._assert_tzawareness_compat(other)
  File "/Users/chuck/Library/Python/3.9/lib/python/site-packages/pandas/core/arrays/datetimes.py", line 788, in _assert_tzawareness_compat
    raise TypeError(
TypeError: Cannot compare tz-naive and tz-aware datetime-like objects

The above exception was the direct cause of the following exception:

Traceback (most recent call last):
  File "/Users/chuck/Library/Python/3.9/lib/python/site-packages/pandas/core/arrays/datetimelike.py", line 1006, in _cmp_method
    other = self._validate_comparison_value(other)
  File "/Users/chuck/Library/Python/3.9/lib/python/site-packages/pandas/core/arrays/datetimelike.py", line 562, in _validate_comparison_value
    raise InvalidComparison(other) from err
pandas.errors.InvalidComparison: 2026-01-01 00:00:00

During handling of the above exception, another exception occurred:

Traceback (most recent call last):
  File "/Library/Developer/CommandLineTools/Library/Frameworks/Python3.framework/Versions/3.9/lib/python3.9/socketserver.py", line 316, in _handle_request_noblock
    self.process_request(request, client_address)
  File "/Library/Developer/CommandLineTools/Library/Frameworks/Python3.framework/Versions/3.9/lib/python3.9/socketserver.py", line 347, in process_request
    self.finish_request(request, client_address)
  File "/Library/Developer/CommandLineTools/Library/Frameworks/Python3.framework/Versions/3.9/lib/python3.9/socketserver.py", line 360, in finish_request
    self.RequestHandlerClass(request, client_address, self)
  File "/Library/Developer/CommandLineTools/Library/Frameworks/Python3.framework/Versions/3.9/lib/python3.9/http/server.py", line 660, in __init__
    super().__init__(*args, **kwargs)
  File "/Library/Developer/CommandLineTools/Library/Frameworks/Python3.framework/Versions/3.9/lib/python3.9/socketserver.py", line 747, in __init__
    self.handle()
  File "/Library/Developer/CommandLineTools/Library/Frameworks/Python3.framework/Versions/3.9/lib/python3.9/http/server.py", line 434, in handle
    self.handle_one_request()
  File "/Library/Developer/CommandLineTools/Library/Frameworks/Python3.framework/Versions/3.9/lib/python3.9/http/server.py", line 422, in handle_one_request
    method()
  File "/Users/chuck/.openclaw/workspace/Project_Sequoia/terminal/server.py", line 56, in do_GET
    return self.send_json(self.get_ratio_data(t1, t2, tf, sma_p))
  File "/Users/chuck/.openclaw/workspace/Project_Sequoia/terminal/server.py", line 125, in get_ratio_data
    display_df = df[df.index >= start_date]
  File "/Users/chuck/Library/Python/3.9/lib/python/site-packages/pandas/core/ops/common.py", line 76, in new_method
    return method(self, other)
  File "/Users/chuck/Library/Python/3.9/lib/python/site-packages/pandas/core/arraylike.py", line 60, in __ge__
    return self._cmp_method(other, operator.ge)
  File "/Users/chuck/Library/Python/3.9/lib/python/site-packages/pandas/core/indexes/base.py", line 7263, in _cmp_method
    result = op(self._values, other)
  File "/Users/chuck/Library/Python/3.9/lib/python/site-packages/pandas/core/ops/common.py", line 76, in new_method
    return method(self, other)
  File "/Users/chuck/Library/Python/3.9/lib/python/site-packages/pandas/core/arraylike.py", line 60, in __ge__
    return self._cmp_method(other, operator.ge)
  File "/Users/chuck/Library/Python/3.9/lib/python/site-packages/pandas/core/arrays/datetimelike.py", line 1008, in _cmp_method
    return invalid_comparison(self, other, op)
  File "/Users/chuck/Library/Python/3.9/lib/python/site-packages/pandas/core/ops/invalid.py", line 40, in invalid_comparison
    raise TypeError(f"Invalid comparison between dtype={left.dtype} and {typ}")
TypeError: Invalid comparison between dtype=datetime64[ns, America/New_York] and Timestamp
----------------------------------------
----------------------------------------
Exception occurred during processing of request from ('127.0.0.1', 61224)
Traceback (most recent call last):
  File "/Users/chuck/Library/Python/3.9/lib/python/site-packages/pandas/core/arrays/datetimelike.py", line 559, in _validate_comparison_value
    self._check_compatible_with(other)
  File "/Users/chuck/Library/Python/3.9/lib/python/site-packages/pandas/core/arrays/datetimes.py", line 542, in _check_compatible_with
    self._assert_tzawareness_compat(other)
  File "/Users/chuck/Library/Python/3.9/lib/python/site-packages/pandas/core/arrays/datetimes.py", line 788, in _assert_tzawareness_compat
    raise TypeError(
TypeError: Cannot compare tz-naive and tz-aware datetime-like objects

The above exception was the direct cause of the following exception:

Traceback (most recent call last):
  File "/Users/chuck/Library/Python/3.9/lib/python/site-packages/pandas/core/arrays/datetimelike.py", line 1006, in _cmp_method
    other = self._validate_comparison_value(other)
  File "/Users/chuck/Library/Python/3.9/lib/python/site-packages/pandas/core/arrays/datetimelike.py", line 562, in _validate_comparison_value
    raise InvalidComparison(other) from err
pandas.errors.InvalidComparison: 2026-01-01 00:00:00

During handling of the above exception, another exception occurred:

Traceback (most recent call last):
  File "/Library/Developer/CommandLineTools/Library/Frameworks/Python3.framework/Versions/3.9/lib/python3.9/socketserver.py", line 316, in _handle_request_noblock
    self.process_request(request, client_address)
  File "/Library/Developer/CommandLineTools/Library/Frameworks/Python3.framework/Versions/3.9/lib/python3.9/socketserver.py", line 347, in process_request
    self.finish_request(request, client_address)
  File "/Library/Developer/CommandLineTools/Library/Frameworks/Python3.framework/Versions/3.9/lib/python3.9/socketserver.py", line 360, in finish_request
    self.RequestHandlerClass(request, client_address, self)
  File "/Library/Developer/CommandLineTools/Library/Frameworks/Python3.framework/Versions/3.9/lib/python3.9/http/server.py", line 660, in __init__
    super().__init__(*args, **kwargs)
  File "/Library/Developer/CommandLineTools/Library/Frameworks/Python3.framework/Versions/3.9/lib/python3.9/socketserver.py", line 747, in __init__
    self.handle()
  File "/Library/Developer/CommandLineTools/Library/Frameworks/Python3.framework/Versions/3.9/lib/python3.9/http/server.py", line 434, in handle
    self.handle_one_request()
  File "/Library/Developer/CommandLineTools/Library/Frameworks/Python3.framework/Versions/3.9/lib/python3.9/http/server.py", line 422, in handle_one_request
    method()
  File "/Users/chuck/.openclaw/workspace/Project_Sequoia/terminal/server.py", line 56, in do_GET
    return self.send_json(self.get_ratio_data(t1, t2, tf, sma_p))
  File "/Users/chuck/.openclaw/workspace/Project_Sequoia/terminal/server.py", line 125, in get_ratio_data
    display_df = df[df.index >= start_date]
  File "/Users/chuck/Library/Python/3.9/lib/python/site-packages/pandas/core/ops/common.py", line 76, in new_method
    return method(self, other)
  File "/Users/chuck/Library/Python/3.9/lib/python/site-packages/pandas/core/arraylike.py", line 60, in __ge__
    return self._cmp_method(other, operator.ge)
  File "/Users/chuck/Library/Python/3.9/lib/python/site-packages/pandas/core/indexes/base.py", line 7263, in _cmp_method
    result = op(self._values, other)
  File "/Users/chuck/Library/Python/3.9/lib/python/site-packages/pandas/core/ops/common.py", line 76, in new_method
    return method(self, other)
  File "/Users/chuck/Library/Python/3.9/lib/python/site-packages/pandas/core/arraylike.py", line 60, in __ge__
    return self._cmp_method(other, operator.ge)
  File "/Users/chuck/Library/Python/3.9/lib/python/site-packages/pandas/core/arrays/datetimelike.py", line 1008, in _cmp_method
    return invalid_comparison(self, other, op)
  File "/Users/chuck/Library/Python/3.9/lib/python/site-packages/pandas/core/ops/invalid.py", line 40, in invalid_comparison
    raise TypeError(f"Invalid comparison between dtype={left.dtype} and {typ}")
TypeError: Invalid comparison between dtype=datetime64[ns, America/New_York] and Timestamp
----------------------------------------
127.0.0.1 - - [28/Mar/2026 22:31:10] "GET /api/ratio?t1=XLE&t2=SPY&tf=6M&sma=200 HTTP/1.1" 200 -
----------------------------------------
Exception occurred during processing of request from ('127.0.0.1', 61229)
Traceback (most recent call last):
  File "/Users/chuck/Library/Python/3.9/lib/python/site-packages/pandas/core/arrays/datetimelike.py", line 559, in _validate_comparison_value
    self._check_compatible_with(other)
  File "/Users/chuck/Library/Python/3.9/lib/python/site-packages/pandas/core/arrays/datetimes.py", line 542, in _check_compatible_with
    self._assert_tzawareness_compat(other)
  File "/Users/chuck/Library/Python/3.9/lib/python/site-packages/pandas/core/arrays/datetimes.py", line 788, in _assert_tzawareness_compat
    raise TypeError(
TypeError: Cannot compare tz-naive and tz-aware datetime-like objects

The above exception was the direct cause of the following exception:

Traceback (most recent call last):
  File "/Users/chuck/Library/Python/3.9/lib/python/site-packages/pandas/core/arrays/datetimelike.py", line 1006, in _cmp_method
    other = self._validate_comparison_value(other)
  File "/Users/chuck/Library/Python/3.9/lib/python/site-packages/pandas/core/arrays/datetimelike.py", line 562, in _validate_comparison_value
    raise InvalidComparison(other) from err
pandas.errors.InvalidComparison: 2026-01-01 00:00:00

During handling of the above exception, another exception occurred:

Traceback (most recent call last):
  File "/Library/Developer/CommandLineTools/Library/Frameworks/Python3.framework/Versions/3.9/lib/python3.9/socketserver.py", line 316, in _handle_request_noblock
    self.process_request(request, client_address)
  File "/Library/Developer/CommandLineTools/Library/Frameworks/Python3.framework/Versions/3.9/lib/python3.9/socketserver.py", line 347, in process_request
    self.finish_request(request, client_address)
  File "/Library/Developer/CommandLineTools/Library/Frameworks/Python3.framework/Versions/3.9/lib/python3.9/socketserver.py", line 360, in finish_request
    self.RequestHandlerClass(request, client_address, self)
  File "/Library/Developer/CommandLineTools/Library/Frameworks/Python3.framework/Versions/3.9/lib/python3.9/http/server.py", line 660, in __init__
    super().__init__(*args, **kwargs)
  File "/Library/Developer/CommandLineTools/Library/Frameworks/Python3.framework/Versions/3.9/lib/python3.9/socketserver.py", line 747, in __init__
    self.handle()
  File "/Library/Developer/CommandLineTools/Library/Frameworks/Python3.framework/Versions/3.9/lib/python3.9/http/server.py", line 434, in handle
    self.handle_one_request()
  File "/Library/Developer/CommandLineTools/Library/Frameworks/Python3.framework/Versions/3.9/lib/python3.9/http/server.py", line 422, in handle_one_request
    method()
  File "/Users/chuck/.openclaw/workspace/Project_Sequoia/terminal/server.py", line 56, in do_GET
    return self.send_json(self.get_ratio_data(t1, t2, tf, sma_p))
  File "/Users/chuck/.openclaw/workspace/Project_Sequoia/terminal/server.py", line 125, in get_ratio_data
    display_df = df[df.index >= start_date]
  File "/Users/chuck/Library/Python/3.9/lib/python/site-packages/pandas/core/ops/common.py", line 76, in new_method
    return method(self, other)
  File "/Users/chuck/Library/Python/3.9/lib/python/site-packages/pandas/core/arraylike.py", line 60, in __ge__
    return self._cmp_method(other, operator.ge)
  File "/Users/chuck/Library/Python/3.9/lib/python/site-packages/pandas/core/indexes/base.py", line 7263, in _cmp_method
    result = op(self._values, other)
  File "/Users/chuck/Library/Python/3.9/lib/python/site-packages/pandas/core/ops/common.py", line 76, in new_method
    return method(self, other)
  File "/Users/chuck/Library/Python/3.9/lib/python/site-packages/pandas/core/arraylike.py", line 60, in __ge__
    return self._cmp_method(other, operator.ge)
  File "/Users/chuck/Library/Python/3.9/lib/python/site-packages/pandas/core/arrays/datetimelike.py", line 1008, in _cmp_method
    return invalid_comparison(self, other, op)
  File "/Users/chuck/Library/Python/3.9/lib/python/site-packages/pandas/core/ops/invalid.py", line 40, in invalid_comparison
    raise TypeError(f"Invalid comparison between dtype={left.dtype} and {typ}")
TypeError: Invalid comparison between dtype=datetime64[ns, America/New_York] and Timestamp
----------------------------------------
127.0.0.1 - - [28/Mar/2026 22:31:14] "GET /api/ratio?t1=XLE&t2=SPY&tf=1Y&sma=200 HTTP/1.1" 200 -
----------------------------------------
Exception occurred during processing of request from ('127.0.0.1', 61233)
Traceback (most recent call last):
  File "/Users/chuck/Library/Python/3.9/lib/python/site-packages/pandas/core/arrays/datetimelike.py", line 559, in _validate_comparison_value
    self._check_compatible_with(other)
  File "/Users/chuck/Library/Python/3.9/lib/python/site-packages/pandas/core/arrays/datetimes.py", line 542, in _check_compatible_with
    self._assert_tzawareness_compat(other)
  File "/Users/chuck/Library/Python/3.9/lib/python/site-packages/pandas/core/arrays/datetimes.py", line 788, in _assert_tzawareness_compat
    raise TypeError(
TypeError: Cannot compare tz-naive and tz-aware datetime-like objects

The above exception was the direct cause of the following exception:

Traceback (most recent call last):
  File "/Users/chuck/Library/Python/3.9/lib/python/site-packages/pandas/core/arrays/datetimelike.py", line 1006, in _cmp_method
    other = self._validate_comparison_value(other)
  File "/Users/chuck/Library/Python/3.9/lib/python/site-packages/pandas/core/arrays/datetimelike.py", line 562, in _validate_comparison_value
    raise InvalidComparison(other) from err
pandas.errors.InvalidComparison: 2026-01-01 00:00:00

During handling of the above exception, another exception occurred:

Traceback (most recent call last):
  File "/Library/Developer/CommandLineTools/Library/Frameworks/Python3.framework/Versions/3.9/lib/python3.9/socketserver.py", line 316, in _handle_request_noblock
    self.process_request(request, client_address)
  File "/Library/Developer/CommandLineTools/Library/Frameworks/Python3.framework/Versions/3.9/lib/python3.9/socketserver.py", line 347, in process_request
    self.finish_request(request, client_address)
  File "/Library/Developer/CommandLineTools/Library/Frameworks/Python3.framework/Versions/3.9/lib/python3.9/socketserver.py", line 360, in finish_request
    self.RequestHandlerClass(request, client_address, self)
  File "/Library/Developer/CommandLineTools/Library/Frameworks/Python3.framework/Versions/3.9/lib/python3.9/http/server.py", line 660, in __init__
    super().__init__(*args, **kwargs)
  File "/Library/Developer/CommandLineTools/Library/Frameworks/Python3.framework/Versions/3.9/lib/python3.9/socketserver.py", line 747, in __init__
    self.handle()
  File "/Library/Developer/CommandLineTools/Library/Frameworks/Python3.framework/Versions/3.9/lib/python3.9/http/server.py", line 434, in handle
    self.handle_one_request()
  File "/Library/Developer/CommandLineTools/Library/Frameworks/Python3.framework/Versions/3.9/lib/python3.9/http/server.py", line 422, in handle_one_request
    method()
  File "/Users/chuck/.openclaw/workspace/Project_Sequoia/terminal/server.py", line 56, in do_GET
    return self.send_json(self.get_ratio_data(t1, t2, tf, sma_p))
  File "/Users/chuck/.openclaw/workspace/Project_Sequoia/terminal/server.py", line 125, in get_ratio_data
    display_df = df[df.index >= start_date]
  File "/Users/chuck/Library/Python/3.9/lib/python/site-packages/pandas/core/ops/common.py", line 76, in new_method
    return method(self, other)
  File "/Users/chuck/Library/Python/3.9/lib/python/site-packages/pandas/core/arraylike.py", line 60, in __ge__
    return self._cmp_method(other, operator.ge)
  File "/Users/chuck/Library/Python/3.9/lib/python/site-packages/pandas/core/indexes/base.py", line 7263, in _cmp_method
    result = op(self._values, other)
  File "/Users/chuck/Library/Python/3.9/lib/python/site-packages/pandas/core/ops/common.py", line 76, in new_method
    return method(self, other)
  File "/Users/chuck/Library/Python/3.9/lib/python/site-packages/pandas/core/arraylike.py", line 60, in __ge__
    return self._cmp_method(other, operator.ge)
  File "/Users/chuck/Library/Python/3.9/lib/python/site-packages/pandas/core/arrays/datetimelike.py", line 1008, in _cmp_method
    return invalid_comparison(self, other, op)
  File "/Users/chuck/Library/Python/3.9/lib/python/site-packages/pandas/core/ops/invalid.py", line 40, in invalid_comparison
    raise TypeError(f"Invalid comparison between dtype={left.dtype} and {typ}")
TypeError: Invalid comparison between dtype=datetime64[ns, America/New_York] and Timestamp
----------------------------------------
----------------------------------------
Exception occurred during processing of request from ('127.0.0.1', 61235)
Traceback (most recent call last):
  File "/Users/chuck/Library/Python/3.9/lib/python/site-packages/pandas/core/arrays/datetimelike.py", line 559, in _validate_comparison_value
    self._check_compatible_with(other)
  File "/Users/chuck/Library/Python/3.9/lib/python/site-packages/pandas/core/arrays/datetimes.py", line 542, in _check_compatible_with
    self._assert_tzawareness_compat(other)
  File "/Users/chuck/Library/Python/3.9/lib/python/site-packages/pandas/core/arrays/datetimes.py", line 788, in _assert_tzawareness_compat
    raise TypeError(
TypeError: Cannot compare tz-naive and tz-aware datetime-like objects

The above exception was the direct cause of the following exception:

Traceback (most recent call last):
  File "/Users/chuck/Library/Python/3.9/lib/python/site-packages/pandas/core/arrays/datetimelike.py", line 1006, in _cmp_method
    other = self._validate_comparison_value(other)
  File "/Users/chuck/Library/Python/3.9/lib/python/site-packages/pandas/core/arrays/datetimelike.py", line 562, in _validate_comparison_value
    raise InvalidComparison(other) from err
pandas.errors.InvalidComparison: 2026-01-01 00:00:00

During handling of the above exception, another exception occurred:

Traceback (most recent call last):
  File "/Library/Developer/CommandLineTools/Library/Frameworks/Python3.framework/Versions/3.9/lib/python3.9/socketserver.py", line 316, in _handle_request_noblock
    self.process_request(request, client_address)
  File "/Library/Developer/CommandLineTools/Library/Frameworks/Python3.framework/Versions/3.9/lib/python3.9/socketserver.py", line 347, in process_request
    self.finish_request(request, client_address)
  File "/Library/Developer/CommandLineTools/Library/Frameworks/Python3.framework/Versions/3.9/lib/python3.9/socketserver.py", line 360, in finish_request
    self.RequestHandlerClass(request, client_address, self)
  File "/Library/Developer/CommandLineTools/Library/Frameworks/Python3.framework/Versions/3.9/lib/python3.9/http/server.py", line 660, in __init__
    super().__init__(*args, **kwargs)
  File "/Library/Developer/CommandLineTools/Library/Frameworks/Python3.framework/Versions/3.9/lib/python3.9/socketserver.py", line 747, in __init__
    self.handle()
  File "/Library/Developer/CommandLineTools/Library/Frameworks/Python3.framework/Versions/3.9/lib/python3.9/http/server.py", line 434, in handle
    self.handle_one_request()
  File "/Library/Developer/CommandLineTools/Library/Frameworks/Python3.framework/Versions/3.9/lib/python3.9/http/server.py", line 422, in handle_one_request
    method()
  File "/Users/chuck/.openclaw/workspace/Project_Sequoia/terminal/server.py", line 56, in do_GET
    return self.send_json(self.get_ratio_data(t1, t2, tf, sma_p))
  File "/Users/chuck/.openclaw/workspace/Project_Sequoia/terminal/server.py", line 125, in get_ratio_data
    display_df = df[df.index >= start_date]
  File "/Users/chuck/Library/Python/3.9/lib/python/site-packages/pandas/core/ops/common.py", line 76, in new_method
    return method(self, other)
  File "/Users/chuck/Library/Python/3.9/lib/python/site-packages/pandas/core/arraylike.py", line 60, in __ge__
    return self._cmp_method(other, operator.ge)
  File "/Users/chuck/Library/Python/3.9/lib/python/site-packages/pandas/core/indexes/base.py", line 7263, in _cmp_method
    result = op(self._values, other)
  File "/Users/chuck/Library/Python/3.9/lib/python/site-packages/pandas/core/ops/common.py", line 76, in new_method
    return method(self, other)
  File "/Users/chuck/Library/Python/3.9/lib/python/site-packages/pandas/core/arraylike.py", line 60, in __ge__
    return self._cmp_method(other, operator.ge)
  File "/Users/chuck/Library/Python/3.9/lib/python/site-packages/pandas/core/arrays/datetimelike.py", line 1008, in _cmp_method
    return invalid_comparison(self, other, op)
  File "/Users/chuck/Library/Python/3.9/lib/python/site-packages/pandas/core/ops/invalid.py", line 40, in invalid_comparison
    raise TypeError(f"Invalid comparison between dtype={left.dtype} and {typ}")
TypeError: Invalid comparison between dtype=datetime64[ns, America/New_York] and Timestamp
----------------------------------------
----------------------------------------
Exception occurred during processing of request from ('127.0.0.1', 61237)
Traceback (most recent call last):
  File "/Users/chuck/Library/Python/3.9/lib/python/site-packages/pandas/core/arrays/datetimelike.py", line 559, in _validate_comparison_value
    self._check_compatible_with(other)
  File "/Users/chuck/Library/Python/3.9/lib/python/site-packages/pandas/core/arrays/datetimes.py", line 542, in _check_compatible_with
    self._assert_tzawareness_compat(other)
  File "/Users/chuck/Library/Python/3.9/lib/python/site-packages/pandas/core/arrays/datetimes.py", line 788, in _assert_tzawareness_compat
    raise TypeError(
TypeError: Cannot compare tz-naive and tz-aware datetime-like objects

The above exception was the direct cause of the following exception:

Traceback (most recent call last):
  File "/Users/chuck/Library/Python/3.9/lib/python/site-packages/pandas/core/arrays/datetimelike.py", line 1006, in _cmp_method
    other = self._validate_comparison_value(other)
  File "/Users/chuck/Library/Python/3.9/lib/python/site-packages/pandas/core/arrays/datetimelike.py", line 562, in _validate_comparison_value
    raise InvalidComparison(other) from err
pandas.errors.InvalidComparison: 2026-01-01 00:00:00

During handling of the above exception, another exception occurred:

Traceback (most recent call last):
  File "/Library/Developer/CommandLineTools/Library/Frameworks/Python3.framework/Versions/3.9/lib/python3.9/socketserver.py", line 316, in _handle_request_noblock
    self.process_request(request, client_address)
  File "/Library/Developer/CommandLineTools/Library/Frameworks/Python3.framework/Versions/3.9/lib/python3.9/socketserver.py", line 347, in process_request
    self.finish_request(request, client_address)
  File "/Library/Developer/CommandLineTools/Library/Frameworks/Python3.framework/Versions/3.9/lib/python3.9/socketserver.py", line 360, in finish_request
    self.RequestHandlerClass(request, client_address, self)
  File "/Library/Developer/CommandLineTools/Library/Frameworks/Python3.framework/Versions/3.9/lib/python3.9/http/server.py", line 660, in __init__
    super().__init__(*args, **kwargs)
  File "/Library/Developer/CommandLineTools/Library/Frameworks/Python3.framework/Versions/3.9/lib/python3.9/socketserver.py", line 747, in __init__
    self.handle()
  File "/Library/Developer/CommandLineTools/Library/Frameworks/Python3.framework/Versions/3.9/lib/python3.9/http/server.py", line 434, in handle
    self.handle_one_request()
  File "/Library/Developer/CommandLineTools/Library/Frameworks/Python3.framework/Versions/3.9/lib/python3.9/http/server.py", line 422, in handle_one_request
    method()
  File "/Users/chuck/.openclaw/workspace/Project_Sequoia/terminal/server.py", line 56, in do_GET
    return self.send_json(self.get_ratio_data(t1, t2, tf, sma_p))
  File "/Users/chuck/.openclaw/workspace/Project_Sequoia/terminal/server.py", line 125, in get_ratio_data
    display_df = df[df.index >= start_date]
  File "/Users/chuck/Library/Python/3.9/lib/python/site-packages/pandas/core/ops/common.py", line 76, in new_method
    return method(self, other)
  File "/Users/chuck/Library/Python/3.9/lib/python/site-packages/pandas/core/arraylike.py", line 60, in __ge__
    return self._cmp_method(other, operator.ge)
  File "/Users/chuck/Library/Python/3.9/lib/python/site-packages/pandas/core/indexes/base.py", line 7263, in _cmp_method
    result = op(self._values, other)
  File "/Users/chuck/Library/Python/3.9/lib/python/site-packages/pandas/core/ops/common.py", line 76, in new_method
    return method(self, other)
  File "/Users/chuck/Library/Python/3.9/lib/python/site-packages/pandas/core/arraylike.py", line 60, in __ge__
    return self._cmp_method(other, operator.ge)
  File "/Users/chuck/Library/Python/3.9/lib/python/site-packages/pandas/core/arrays/datetimelike.py", line 1008, in _cmp_method
    return invalid_comparison(self, other, op)
  File "/Users/chuck/Library/Python/3.9/lib/python/site-packages/pandas/core/ops/invalid.py", line 40, in invalid_comparison
    raise TypeError(f"Invalid comparison between dtype={left.dtype} and {typ}")
TypeError: Invalid comparison between dtype=datetime64[ns, America/New_York] and Timestamp
----------------------------------------
